Application/build/intermediates/manifest_merge_blame_file/debug/manifest-merger-blame-debug-report.txt
1<?xml version="1.0" encoding="utf-8"?>
2<manifest xmlns:android="http://schemas.android.com/apk/res/android"
3    package="com.example.android.beamlargefiles"
4    android:versionCode="1"
5    android:versionName="1.0" >
6
7    <uses-sdk
8        android:minSdkVersion="16"
8-->src\main\AndroidManifest.xml
9        android:targetSdkVersion="28" />
9-->src\main\AndroidManifest.xml
10    <!-- Large file beam requires API 16 or above. -->
11    <!-- Min/target SDK versions (<uses-sdk>) managed by build.gradle -->
12    <!-- The NFC permission is required to use NfcAdapter. -->
13    <uses-permission android:name="android.permission.NFC" /> <!-- Inform app distribution channels that NFC is used, though not required. -->
13-->src\main\AndroidManifest.xml:9:5-62
13-->src\main\AndroidManifest.xml:9:22-59
14    <!-- (This step is optional, but recommended.) -->
15    <uses-feature
15-->src\main\AndroidManifest.xml:11:5-13:36
16        android:name="android.hardware.nfc"
16-->src\main\AndroidManifest.xml:12:9-44
17        android:required="false" />
17-->src\main\AndroidManifest.xml:13:9-33
18
19    <uses-permission android:name="android.permission.WRITE_EXTERNAL_STORAGE" />
19-->src\main\AndroidManifest.xml:15:5-81
19-->src\main\AndroidManifest.xml:15:22-78
20    <uses-permission android:name="android.permission.READ_EXTERNAL_STORAGE" />
20-->src\main\AndroidManifest.xml:16:5-80
20-->src\main\AndroidManifest.xml:16:22-77
21    <uses-permission android:name="android.permission.INTERNET" />
21-->src\main\AndroidManifest.xml:17:5-67
21-->src\main\AndroidManifest.xml:17:22-64
22    <uses-permission android:name="android.permission.ACCESS_NETWORK_STATE" />
22-->src\main\AndroidManifest.xml:18:5-79
22-->src\main\AndroidManifest.xml:18:22-76
23
24    <application
24-->src\main\AndroidManifest.xml:20:5-63:19
25        android:allowBackup="true"
25-->src\main\AndroidManifest.xml:21:9-35
26        android:appComponentFactory="android.support.v4.app.CoreComponentFactory"
26-->[com.android.support:support-compat:28.0.0] AndroidManifest.xml:22:18-91
27        android:debuggable="true"
28        android:icon="@mipmap/ic_launcher"
28-->src\main\AndroidManifest.xml:22:9-43
29        android:label="@string/app_name"
29-->src\main\AndroidManifest.xml:23:9-41
30        android:testOnly="true"
31        android:theme="@style/AppTheme"
31-->src\main\AndroidManifest.xml:24:9-40
32        android:usesCleartextTraffic="true" >
32-->src\main\AndroidManifest.xml:25:9-44
33        <activity
33-->src\main\AndroidManifest.xml:27:9-34:20
34            android:name="com.example.android.beamlargefiles.activity.LoginActivity"
34-->src\main\AndroidManifest.xml:28:13-51
35            android:exported="true" >
35-->src\main\AndroidManifest.xml:29:13-36
36
37            <!-- <intent-filter> -->
38            <!-- <action android:name="android.intent.action.MAIN" /> -->
39            <!-- <category android:name="android.intent.category.LAUNCHER" /> -->
40            <!-- </intent-filter> -->
41        </activity>
42        <activity
42-->src\main\AndroidManifest.xml:35:9-42:20
43            android:name="com.example.android.beamlargefiles.activity.DashbordActivity"
43-->src\main\AndroidManifest.xml:36:13-54
44            android:exported="true" >
44-->src\main\AndroidManifest.xml:37:13-36
45            <intent-filter>
45-->src\main\AndroidManifest.xml:38:13-41:29
46                <action android:name="android.intent.action.MAIN" />
46-->src\main\AndroidManifest.xml:39:17-69
46-->src\main\AndroidManifest.xml:39:25-66
47
48                <category android:name="android.intent.category.LAUNCHER" />
48-->src\main\AndroidManifest.xml:40:17-77
48-->src\main\AndroidManifest.xml:40:27-74
49            </intent-filter>
50        </activity>
51        <activity
51-->src\main\AndroidManifest.xml:43:9-45:40
52            android:name="com.example.android.beamlargefiles.activity.ViewTransactionHistoryActivity"
52-->src\main\AndroidManifest.xml:44:13-68
53            android:exported="false" />
53-->src\main\AndroidManifest.xml:45:13-37
54        <activity
54-->src\main\AndroidManifest.xml:46:9-48:39
55            android:name="com.example.android.beamlargefiles.activity.ViewTransactionDetailsActivity"
55-->src\main\AndroidManifest.xml:47:13-68
56            android:exported="true" />
56-->src\main\AndroidManifest.xml:48:13-36
57
58        <provider
58-->src\main\AndroidManifest.xml:50:9-53:39
59            android:name="com.example.android.common.assetprovider.AssetProvider"
59-->src\main\AndroidManifest.xml:51:13-82
60            android:authorities="com.example.android.beamlargefiles.files"
60-->src\main\AndroidManifest.xml:52:13-75
61            android:exported="true" />
61-->src\main\AndroidManifest.xml:53:13-36
62        <provider
63            android:name="android.support.v4.content.FileProvider"
63-->src\main\AndroidManifest.xml:55:13-67
64            android:authorities="com.example.android.beamlargefiles.provider"
64-->src\main\AndroidManifest.xml:56:13-60
65            android:exported="false"
65-->src\main\AndroidManifest.xml:57:13-37
66            android:grantUriPermissions="true" >
66-->src\main\AndroidManifest.xml:58:13-47
67            <meta-data
67-->src\main\AndroidManifest.xml:59:13-61:58
68                android:name="android.support.FILE_PROVIDER_PATHS"
68-->src\main\AndroidManifest.xml:60:17-67
69                android:resource="@xml/provider_paths" />
69-->src\main\AndroidManifest.xml:61:17-55
70        </provider>
71    </application>
72
73</manifest>